<?xml version="1.0" encoding="UTF-8"?>
<!-- Generated by org.testng.reporters.JUnitXMLReporter -->
<testsuite hostname="LAPTOP-D2GVCL39" ignored="0" name="Default test" tests="9" failures="0" timestamp="2022-10-20T21:42:32 IST" time="43.882" errors="0">
  <testcase name="verifyNewCategoryCanBeAddedOnCategoryPage" time="2.982" classname="regression.InventoryCategoryTest"/>
  <testcase name="verifyCountGetsIncreasedAfterAddingNewCategory" time="0.096" classname="regression.InventoryCategoryTest"/>
  <testcase name="verifyNewlyAddedCategoryIsDisplayedOnCategoryPage" time="1.093" classname="regression.InventoryCategoryTest"/>
  <testcase name="verifyUserCanUpdateExistingCategory" time="2.172" classname="regression.InventoryCategoryTest"/>
  <testcase name="verifyCountWillNotChangeAfterEditingNewCategory" time="0.043" classname="regression.InventoryCategoryTest"/>
  <testcase name="verifyUpdatedCategoryIsDisplayedOnCategoryPage" time="12.288" classname="regression.InventoryCategoryTest"/>
  <testcase name="verifyUserCanDeleteExistingCategoryFromCategoryPage" time="2.311" classname="regression.InventoryCategoryTest"/>
  <testcase name="verifyCountOfRecordsWillGetReducedAfterDeletingCategory" time="0.053" classname="regression.InventoryCategoryTest"/>
  <testcase name="verifyDeletedCategoryIsNotDisplayedOnCategoryPage" time="11.509" classname="regression.InventoryCategoryTest"/>
</testsuite> <!-- Default test -->
