<?xml version="1.0" encoding="UTF-8"?>
<!-- Generated by org.testng.reporters.JUnitXMLReporter -->
<testsuite hostname="LAPTOP-D2GVCL39" ignored="0" name="Default test" tests="6" failures="0" timestamp="2022-10-07T08:10:57 IST" time="37.077" errors="0">
  <testcase name="verifyUserCanAddNewCategoryOnCategoryPage" time="2.393" classname="regression.InventoryCategoryTest"/>
  <testcase name="verifyAddedCategoryIsDisplayedOnCategoryPage" time="0.406" classname="regression.InventoryCategoryTest"/>
  <testcase name="verifyUserCanEditExistingCategory" time="1.702" classname="regression.InventoryCategoryTest"/>
  <testcase name="verifyUpdatedCategoryIsDisplayedOnCategoryPage" time="10.639" classname="regression.InventoryCategoryTest"/>
  <testcase name="verifyExistingCategoryCanBeDeleted" time="1.646" classname="regression.InventoryCategoryTest"/>
  <testcase name="verifyDeletedCategoryIsNotDisplayedOnCategoryPage" time="10.412" classname="regression.InventoryCategoryTest"/>
</testsuite> <!-- Default test -->
