<?xml version="1.0" encoding="UTF-8"?>
<testng-results skipped="0" failed="0" ignored="0" total="6" passed="6">
  <reporter-output>
  </reporter-output>
  <suite name="Default suite" duration-ms="37077" started-at="2022-10-07T08:10:20 IST" finished-at="2022-10-07T08:10:57 IST">
    <groups>
    </groups>
    <test name="Default test" duration-ms="37077" started-at="2022-10-07T08:10:20 IST" finished-at="2022-10-07T08:10:57 IST">
      <class name="regression.InventoryCategoryTest">
        <test-method status="PASS" signature="beforeSuite()[pri:0, instance:regression.InventoryCategoryTest@3712b94]" name="beforeSuite" is-config="true" duration-ms="299" started-at="2022-10-07T08:10:20 IST" finished-at="2022-10-07T08:10:20 IST">
          <reporter-output>
          </reporter-output>
        </test-method> <!-- beforeSuite -->
        <test-method status="PASS" signature="beforeClassOfA()[pri:0, instance:regression.InventoryCategoryTest@3712b94]" name="beforeClassOfA" is-config="true" duration-ms="8580" started-at="2022-10-07T08:10:20 IST" finished-at="2022-10-07T08:10:28 IST">
          <reporter-output>
          </reporter-output>
        </test-method> <!-- beforeClassOfA -->
        <test-method status="PASS" signature="beforeMethod(java.lang.reflect.Method)[pri:0, instance:regression.InventoryCategoryTest@3712b94]" name="beforeMethod" is-config="true" duration-ms="23" started-at="2022-10-07T08:10:28 IST" finished-at="2022-10-07T08:10:28 IST">
          <params>
            <param index="0">
              <value>
                <![CDATA[public void regression.InventoryCategoryTest.verifyUserCanAddNewCategoryOnCategoryPage()]]>
              </value>
            </param>
          </params>
          <reporter-output>
          </reporter-output>
        </test-method> <!-- beforeMethod -->
        <test-method status="PASS" signature="verifyUserCanAddNewCategoryOnCategoryPage()[pri:1, instance:regression.InventoryCategoryTest@3712b94]" name="verifyUserCanAddNewCategoryOnCategoryPage" duration-ms="2393" started-at="2022-10-07T08:10:28 IST" finished-at="2022-10-07T08:10:31 IST">
          <reporter-output>
          </reporter-output>
        </test-method> <!-- verifyUserCanAddNewCategoryOnCategoryPage -->
        <test-method status="PASS" signature="afterMethod(org.testng.ITestResult)[pri:0, instance:regression.InventoryCategoryTest@3712b94]" name="afterMethod" is-config="true" duration-ms="1" started-at="2022-10-07T08:10:31 IST" finished-at="2022-10-07T08:10:31 IST">
          <params>
            <param index="0">
              <value>
                <![CDATA[[TestResult name=verifyUserCanAddNewCategoryOnCategoryPage status=SUCCESS method=InventoryCategoryTest.verifyUserCanAddNewCategoryOnCategoryPage()[pri:1, instance:regression.InventoryCategoryTest@3712b94] output={null}]]]>
              </value>
            </param>
          </params>
          <reporter-output>
          </reporter-output>
        </test-method> <!-- afterMethod -->
        <test-method status="PASS" signature="beforeMethod(java.lang.reflect.Method)[pri:0, instance:regression.InventoryCategoryTest@3712b94]" name="beforeMethod" is-config="true" duration-ms="1" started-at="2022-10-07T08:10:31 IST" finished-at="2022-10-07T08:10:31 IST">
          <params>
            <param index="0">
              <value>
                <![CDATA[public void regression.InventoryCategoryTest.verifyAddedCategoryIsDisplayedOnCategoryPage()]]>
              </value>
            </param>
          </params>
          <reporter-output>
          </reporter-output>
        </test-method> <!-- beforeMethod -->
        <test-method status="PASS" signature="verifyAddedCategoryIsDisplayedOnCategoryPage()[pri:2, instance:regression.InventoryCategoryTest@3712b94]" name="verifyAddedCategoryIsDisplayedOnCategoryPage" duration-ms="406" started-at="2022-10-07T08:10:31 IST" finished-at="2022-10-07T08:10:31 IST">
          <reporter-output>
          </reporter-output>
        </test-method> <!-- verifyAddedCategoryIsDisplayedOnCategoryPage -->
        <test-method status="PASS" signature="afterMethod(org.testng.ITestResult)[pri:0, instance:regression.InventoryCategoryTest@3712b94]" name="afterMethod" is-config="true" duration-ms="1" started-at="2022-10-07T08:10:31 IST" finished-at="2022-10-07T08:10:31 IST">
          <params>
            <param index="0">
              <value>
                <![CDATA[[TestResult name=verifyAddedCategoryIsDisplayedOnCategoryPage status=SUCCESS method=InventoryCategoryTest.verifyAddedCategoryIsDisplayedOnCategoryPage()[pri:2, instance:regression.InventoryCategoryTest@3712b94] output={null}]]]>
              </value>
            </param>
          </params>
          <reporter-output>
          </reporter-output>
        </test-method> <!-- afterMethod -->
        <test-method status="PASS" signature="beforeMethod(java.lang.reflect.Method)[pri:0, instance:regression.InventoryCategoryTest@3712b94]" name="beforeMethod" is-config="true" duration-ms="1" started-at="2022-10-07T08:10:31 IST" finished-at="2022-10-07T08:10:31 IST">
          <params>
            <param index="0">
              <value>
                <![CDATA[public void regression.InventoryCategoryTest.verifyUserCanEditExistingCategory()]]>
              </value>
            </param>
          </params>
          <reporter-output>
          </reporter-output>
        </test-method> <!-- beforeMethod -->
        <test-method status="PASS" signature="verifyUserCanEditExistingCategory()[pri:3, instance:regression.InventoryCategoryTest@3712b94]" name="verifyUserCanEditExistingCategory" duration-ms="1702" started-at="2022-10-07T08:10:31 IST" finished-at="2022-10-07T08:10:33 IST">
          <reporter-output>
          </reporter-output>
        </test-method> <!-- verifyUserCanEditExistingCategory -->
        <test-method status="PASS" signature="afterMethod(org.testng.ITestResult)[pri:0, instance:regression.InventoryCategoryTest@3712b94]" name="afterMethod" is-config="true" duration-ms="0" started-at="2022-10-07T08:10:33 IST" finished-at="2022-10-07T08:10:33 IST">
          <params>
            <param index="0">
              <value>
                <![CDATA[[TestResult name=verifyUserCanEditExistingCategory status=SUCCESS method=InventoryCategoryTest.verifyUserCanEditExistingCategory()[pri:3, instance:regression.InventoryCategoryTest@3712b94] output={null}]]]>
              </value>
            </param>
          </params>
          <reporter-output>
          </reporter-output>
        </test-method> <!-- afterMethod -->
        <test-method status="PASS" signature="verifyUpdatedCategoryIsDisplayedOnCategoryPage()[pri:4, instance:regression.InventoryCategoryTest@3712b94]" name="verifyUpdatedCategoryIsDisplayedOnCategoryPage" duration-ms="10639" started-at="2022-10-07T08:10:33 IST" finished-at="2022-10-07T08:10:44 IST">
          <reporter-output>
          </reporter-output>
        </test-method> <!-- verifyUpdatedCategoryIsDisplayedOnCategoryPage -->
        <test-method status="PASS" signature="beforeMethod(java.lang.reflect.Method)[pri:0, instance:regression.InventoryCategoryTest@3712b94]" name="beforeMethod" is-config="true" duration-ms="0" started-at="2022-10-07T08:10:33 IST" finished-at="2022-10-07T08:10:33 IST">
          <params>
            <param index="0">
              <value>
                <![CDATA[public void regression.InventoryCategoryTest.verifyUpdatedCategoryIsDisplayedOnCategoryPage()]]>
              </value>
            </param>
          </params>
          <reporter-output>
          </reporter-output>
        </test-method> <!-- beforeMethod -->
        <test-method status="PASS" signature="afterMethod(org.testng.ITestResult)[pri:0, instance:regression.InventoryCategoryTest@3712b94]" name="afterMethod" is-config="true" duration-ms="2" started-at="2022-10-07T08:10:44 IST" finished-at="2022-10-07T08:10:44 IST">
          <params>
            <param index="0">
              <value>
                <![CDATA[[TestResult name=verifyUpdatedCategoryIsDisplayedOnCategoryPage status=SUCCESS method=InventoryCategoryTest.verifyUpdatedCategoryIsDisplayedOnCategoryPage()[pri:4, instance:regression.InventoryCategoryTest@3712b94] output={null}]]]>
              </value>
            </param>
          </params>
          <reporter-output>
          </reporter-output>
        </test-method> <!-- afterMethod -->
        <test-method status="PASS" signature="beforeMethod(java.lang.reflect.Method)[pri:0, instance:regression.InventoryCategoryTest@3712b94]" name="beforeMethod" is-config="true" duration-ms="1" started-at="2022-10-07T08:10:44 IST" finished-at="2022-10-07T08:10:44 IST">
          <params>
            <param index="0">
              <value>
                <![CDATA[public void regression.InventoryCategoryTest.verifyExistingCategoryCanBeDeleted()]]>
              </value>
            </param>
          </params>
          <reporter-output>
          </reporter-output>
        </test-method> <!-- beforeMethod -->
        <test-method status="PASS" signature="verifyExistingCategoryCanBeDeleted()[pri:5, instance:regression.InventoryCategoryTest@3712b94]" name="verifyExistingCategoryCanBeDeleted" duration-ms="1646" started-at="2022-10-07T08:10:44 IST" finished-at="2022-10-07T08:10:45 IST">
          <reporter-output>
          </reporter-output>
        </test-method> <!-- verifyExistingCategoryCanBeDeleted -->
        <test-method status="PASS" signature="afterMethod(org.testng.ITestResult)[pri:0, instance:regression.InventoryCategoryTest@3712b94]" name="afterMethod" is-config="true" duration-ms="1" started-at="2022-10-07T08:10:45 IST" finished-at="2022-10-07T08:10:45 IST">
          <params>
            <param index="0">
              <value>
                <![CDATA[[TestResult name=verifyExistingCategoryCanBeDeleted status=SUCCESS method=InventoryCategoryTest.verifyExistingCategoryCanBeDeleted()[pri:5, instance:regression.InventoryCategoryTest@3712b94] output={null}]]]>
              </value>
            </param>
          </params>
          <reporter-output>
          </reporter-output>
        </test-method> <!-- afterMethod -->
        <test-method status="PASS" signature="beforeMethod(java.lang.reflect.Method)[pri:0, instance:regression.InventoryCategoryTest@3712b94]" name="beforeMethod" is-config="true" duration-ms="1" started-at="2022-10-07T08:10:45 IST" finished-at="2022-10-07T08:10:45 IST">
          <params>
            <param index="0">
              <value>
                <![CDATA[public void regression.InventoryCategoryTest.verifyDeletedCategoryIsNotDisplayedOnCategoryPage()]]>
              </value>
            </param>
          </params>
          <reporter-output>
          </reporter-output>
        </test-method> <!-- beforeMethod -->
        <test-method status="PASS" signature="verifyDeletedCategoryIsNotDisplayedOnCategoryPage()[pri:6, instance:regression.InventoryCategoryTest@3712b94]" name="verifyDeletedCategoryIsNotDisplayedOnCategoryPage" duration-ms="10412" started-at="2022-10-07T08:10:45 IST" finished-at="2022-10-07T08:10:56 IST">
          <reporter-output>
          </reporter-output>
        </test-method> <!-- verifyDeletedCategoryIsNotDisplayedOnCategoryPage -->
        <test-method status="PASS" signature="afterMethod(org.testng.ITestResult)[pri:0, instance:regression.InventoryCategoryTest@3712b94]" name="afterMethod" is-config="true" duration-ms="2" started-at="2022-10-07T08:10:56 IST" finished-at="2022-10-07T08:10:56 IST">
          <params>
            <param index="0">
              <value>
                <![CDATA[[TestResult name=verifyDeletedCategoryIsNotDisplayedOnCategoryPage status=SUCCESS method=InventoryCategoryTest.verifyDeletedCategoryIsNotDisplayedOnCategoryPage()[pri:6, instance:regression.InventoryCategoryTest@3712b94] output={null}]]]>
              </value>
            </param>
          </params>
          <reporter-output>
          </reporter-output>
        </test-method> <!-- afterMethod -->
        <test-method status="PASS" signature="afterClass()[pri:0, instance:regression.InventoryCategoryTest@3712b94]" name="afterClass" is-config="true" duration-ms="1183" started-at="2022-10-07T08:10:56 IST" finished-at="2022-10-07T08:10:57 IST">
          <reporter-output>
          </reporter-output>
        </test-method> <!-- afterClass -->
        <test-method status="PASS" signature="afterSuiteMethod()[pri:0, instance:regression.InventoryCategoryTest@3712b94]" name="afterSuiteMethod" is-config="true" duration-ms="581" started-at="2022-10-07T08:10:57 IST" finished-at="2022-10-07T08:10:58 IST">
          <reporter-output>
          </reporter-output>
        </test-method> <!-- afterSuiteMethod -->
      </class> <!-- regression.InventoryCategoryTest -->
    </test> <!-- Default test -->
  </suite> <!-- Default suite -->
</testng-results>
